<?xml version="1.0" encoding="UTF-8"?>
<!-- Generated by org.testng.reporters.JUnitReportReporter -->
<testsuite hostname="EMANI-PC" failures="0" tests="1" name="Enterprise.LoginTest" time="14.739" errors="0" timestamp="2021-03-20T10:26:42 IST" skipped="0">
  <testcase classname="Enterprise.LoginTest" name="ValidateUserLoginWithValidUserNameAndValidPassword" time="14.739"/>
</testsuite> <!-- Enterprise.LoginTest -->
